  tavillon_console.cpp
C:\tavillon_point_cloud_processing\tavillon_point_cloud_processing\source\standalone\tavillon_console\tavillon_console\easy3d_pointcloud_viewer.h(30,100): warning C4244: 'argument': conversion from 'double' to 'int', possible loss of data
C:\tavillon_point_cloud_processing\tavillon_point_cloud_processing\source\standalone\tavillon_console\tavillon_console\easy3d_pointcloud_viewer.h(30,86): warning C4244: 'argument': conversion from 'double' to 'int', possible loss of data
C:\tavillon_point_cloud_processing\tavillon_point_cloud_processing\source\standalone\tavillon_console\tavillon_console\easy3d_pointcloud_viewer.h(43,35): warning C4267: '+=': conversion from 'size_t' to 'int', possible loss of data
C:\tavillon_point_cloud_processing\tavillon_point_cloud_processing\source\standalone\tavillon_console\tavillon_console\easy3d_pointcloud_viewer.h(44,39): warning C4267: '+=': conversion from 'size_t' to 'int', possible loss of data
C:\tavillon_point_cloud_processing\tavillon_point_cloud_processing\source\standalone\tavillon_console\tavillon_console\easy3d_pointcloud_viewer.h(60,26): warning C4244: 'initializing': conversion from 'double' to 'int', possible loss of data
C:\tavillon_point_cloud_processing\tavillon_point_cloud_processing\source\standalone\tavillon_console\tavillon_console\easy3d_pointcloud_viewer.h(65,102): warning C4244: 'argument': conversion from 'const double' to 'T', possible loss of data
          with
          [
              T=float
          ]
C:\tavillon_point_cloud_processing\tavillon_point_cloud_processing\source\standalone\tavillon_console\tavillon_console\easy3d_pointcloud_viewer.h(65,81): warning C4244: 'argument': conversion from 'const double' to 'T', possible loss of data
          with
          [
              T=float
          ]
C:\tavillon_point_cloud_processing\tavillon_point_cloud_processing\source\standalone\tavillon_console\tavillon_console\easy3d_pointcloud_viewer.h(65,60): warning C4244: 'argument': conversion from 'const double' to 'T', possible loss of data
          with
          [
              T=float
          ]
C:\tavillon_point_cloud_processing\tavillon_point_cloud_processing\source\standalone\tavillon_console\tavillon_console\easy3d_pointcloud_viewer.h(105,39): warning C4267: '+=': conversion from 'size_t' to 'int', possible loss of data
C:\tavillon_point_cloud_processing\tavillon_point_cloud_processing\source\standalone\tavillon_console\tavillon_console\easy3d_pointcloud_viewer.h(106,43): warning C4267: '+=': conversion from 'size_t' to 'int', possible loss of data
C:\tavillon_point_cloud_processing\tavillon_point_cloud_processing\source\standalone\tavillon_console\tavillon_console\easy3d_pointcloud_viewer.h(132,106): warning C4244: 'argument': conversion from 'const double' to 'T', possible loss of data
          with
          [
              T=float
          ]
C:\tavillon_point_cloud_processing\tavillon_point_cloud_processing\source\standalone\tavillon_console\tavillon_console\easy3d_pointcloud_viewer.h(132,85): warning C4244: 'argument': conversion from 'const double' to 'T', possible loss of data
          with
          [
              T=float
          ]
C:\tavillon_point_cloud_processing\tavillon_point_cloud_processing\source\standalone\tavillon_console\tavillon_console\easy3d_pointcloud_viewer.h(132,64): warning C4244: 'argument': conversion from 'const double' to 'T', possible loss of data
          with
          [
              T=float
          ]
C:\tavillon_point_cloud_processing\tavillon_point_cloud_processing\source\standalone\tavillon_console\tavillon_console\easy3d_pointcloud_viewer.h(174,51): warning C4244: 'argument': conversion from 'const double' to 'T', possible loss of data
          with
          [
              T=float
          ]
C:\tavillon_point_cloud_processing\tavillon_point_cloud_processing\source\standalone\tavillon_console\tavillon_console\easy3d_pointcloud_viewer.h(174,44): warning C4244: 'argument': conversion from 'const double' to 'T', possible loss of data
          with
          [
              T=float
          ]
C:\tavillon_point_cloud_processing\tavillon_point_cloud_processing\source\standalone\tavillon_console\tavillon_console\easy3d_pointcloud_viewer.h(174,37): warning C4244: 'argument': conversion from 'const double' to 'T', possible loss of data
          with
          [
              T=float
          ]
  Generating code
  1 of 3711 functions (<0.1%) were compiled, the rest were copied from previous compilation.
    0 functions were new in current compilation
    2 functions had inline decision re-evaluated but remain unchanged
  Finished generating code
  tavillon_console.vcxproj -> C:\tavillon_point_cloud_processing\tavillon_point_cloud_processing\source\standalone\tavillon_console\x64\Release\tavillon_console.exe
