c:\tavillon_point_cloud_processing\tavillon_point_cloud_processing\source\rhino\tavillon\tavillon\x64\debug\tavillon.pch
c:\tavillon_point_cloud_processing\tavillon_point_cloud_processing\source\rhino\tavillon\tavillon\x64\debug\vc142.pdb
c:\tavillon_point_cloud_processing\tavillon_point_cloud_processing\source\rhino\tavillon\tavillon\x64\debug\stdafx.obj
c:\tavillon_point_cloud_processing\tavillon_point_cloud_processing\source\rhino\tavillon\tavillon\x64\debug\tavillonplugin.obj
c:\tavillon_point_cloud_processing\tavillon_point_cloud_processing\source\rhino\tavillon\tavillon\x64\debug\tavillonapp.obj
c:\tavillon_point_cloud_processing\tavillon_point_cloud_processing\source\rhino\tavillon\tavillon\x64\debug\cmdtavillon.obj
c:\tavillon_point_cloud_processing\tavillon_point_cloud_processing\source\rhino\tavillon\tavillon\x64\debug\tavillon.ilk
c:\tavillon_point_cloud_processing\tavillon_point_cloud_processing\source\rhino\tavillon\x64\debug\tavillon.rhp
c:\tavillon_point_cloud_processing\tavillon_point_cloud_processing\source\rhino\tavillon\x64\debug\tavillon.pdb
c:\tavillon_point_cloud_processing\tavillon_point_cloud_processing\source\rhino\tavillon\tavillon\x64\debug\tavillon.res
c:\tavillon_point_cloud_processing\tavillon_point_cloud_processing\source\rhino\tavillon\x64\debug\tavillon.lib
c:\tavillon_point_cloud_processing\tavillon_point_cloud_processing\source\rhino\tavillon\x64\debug\tavillon.exp
c:\tavillon_point_cloud_processing\tavillon_point_cloud_processing\source\rhino\tavillon\tavillon\x64\debug\tavillon.tlog\cl.command.1.tlog
c:\tavillon_point_cloud_processing\tavillon_point_cloud_processing\source\rhino\tavillon\tavillon\x64\debug\tavillon.tlog\cl.read.1.tlog
c:\tavillon_point_cloud_processing\tavillon_point_cloud_processing\source\rhino\tavillon\tavillon\x64\debug\tavillon.tlog\cl.write.1.tlog
c:\tavillon_point_cloud_processing\tavillon_point_cloud_processing\source\rhino\tavillon\tavillon\x64\debug\tavillon.tlog\link.command.1.tlog
c:\tavillon_point_cloud_processing\tavillon_point_cloud_processing\source\rhino\tavillon\tavillon\x64\debug\tavillon.tlog\link.read.1.tlog
c:\tavillon_point_cloud_processing\tavillon_point_cloud_processing\source\rhino\tavillon\tavillon\x64\debug\tavillon.tlog\link.write.1.tlog
c:\tavillon_point_cloud_processing\tavillon_point_cloud_processing\source\rhino\tavillon\tavillon\x64\debug\tavillon.tlog\rc.command.1.tlog
c:\tavillon_point_cloud_processing\tavillon_point_cloud_processing\source\rhino\tavillon\tavillon\x64\debug\tavillon.tlog\rc.read.1.tlog
c:\tavillon_point_cloud_processing\tavillon_point_cloud_processing\source\rhino\tavillon\tavillon\x64\debug\tavillon.tlog\rc.write.1.tlog
c:\tavillon_point_cloud_processing\tavillon_point_cloud_processing\source\rhino\tavillon\tavillon\x64\debug\tavillon.tlog\tavillon.write.1u.tlog
