c:\ibois57\_code\software\cpp\tavillon_point_cloud_processing\source\rhino\tavillon_rhino\tavillon_rhino\x64\debug\tavillon_rhino.pch
c:\ibois57\_code\software\cpp\tavillon_point_cloud_processing\source\rhino\tavillon_rhino\tavillon_rhino\x64\debug\vc142.pdb
c:\ibois57\_code\software\cpp\tavillon_point_cloud_processing\source\rhino\tavillon_rhino\tavillon_rhino\x64\debug\stdafx.obj
c:\ibois57\_code\software\cpp\tavillon_point_cloud_processing\source\rhino\tavillon_rhino\tavillon_rhino\x64\debug\tavillon_rhinoplugin.obj
c:\ibois57\_code\software\cpp\tavillon_point_cloud_processing\source\rhino\tavillon_rhino\tavillon_rhino\x64\debug\tavillon_rhinoapp.obj
c:\ibois57\_code\software\cpp\tavillon_point_cloud_processing\source\rhino\tavillon_rhino\tavillon_rhino\x64\debug\cmdtavillon_test.obj
c:\ibois57\_code\software\cpp\tavillon_point_cloud_processing\source\rhino\tavillon_rhino\tavillon_rhino\x64\debug\cmdtavillon_rhino.obj
c:\ibois57\_code\software\cpp\tavillon_point_cloud_processing\source\rhino\tavillon_rhino\tavillon_rhino\x64\debug\tavillon_rhino.ilk
c:\ibois57\_code\software\cpp\tavillon_point_cloud_processing\source\rhino\tavillon_rhino\x64\debug\tavillon_rhino.rhp
c:\ibois57\_code\software\cpp\tavillon_point_cloud_processing\source\rhino\tavillon_rhino\x64\debug\tavillon_rhino.pdb
c:\ibois57\_code\software\cpp\tavillon_point_cloud_processing\source\rhino\tavillon_rhino\tavillon_rhino\x64\debug\tavillon_rhino.res
c:\ibois57\_code\software\cpp\tavillon_point_cloud_processing\source\rhino\tavillon_rhino\x64\debug\tavillon_rhino.lib
c:\ibois57\_code\software\cpp\tavillon_point_cloud_processing\source\rhino\tavillon_rhino\x64\debug\tavillon_rhino.exp
c:\ibois57\_code\software\cpp\tavillon_point_cloud_processing\source\rhino\tavillon_rhino\tavillon_rhino\x64\debug\tavillon_rhino.tlog\cl.command.1.tlog
c:\ibois57\_code\software\cpp\tavillon_point_cloud_processing\source\rhino\tavillon_rhino\tavillon_rhino\x64\debug\tavillon_rhino.tlog\cl.read.1.tlog
c:\ibois57\_code\software\cpp\tavillon_point_cloud_processing\source\rhino\tavillon_rhino\tavillon_rhino\x64\debug\tavillon_rhino.tlog\cl.write.1.tlog
c:\ibois57\_code\software\cpp\tavillon_point_cloud_processing\source\rhino\tavillon_rhino\tavillon_rhino\x64\debug\tavillon_rhino.tlog\link.command.1.tlog
c:\ibois57\_code\software\cpp\tavillon_point_cloud_processing\source\rhino\tavillon_rhino\tavillon_rhino\x64\debug\tavillon_rhino.tlog\link.read.1.tlog
c:\ibois57\_code\software\cpp\tavillon_point_cloud_processing\source\rhino\tavillon_rhino\tavillon_rhino\x64\debug\tavillon_rhino.tlog\link.write.1.tlog
c:\ibois57\_code\software\cpp\tavillon_point_cloud_processing\source\rhino\tavillon_rhino\tavillon_rhino\x64\debug\tavillon_rhino.tlog\rc.command.1.tlog
c:\ibois57\_code\software\cpp\tavillon_point_cloud_processing\source\rhino\tavillon_rhino\tavillon_rhino\x64\debug\tavillon_rhino.tlog\rc.read.1.tlog
c:\ibois57\_code\software\cpp\tavillon_point_cloud_processing\source\rhino\tavillon_rhino\tavillon_rhino\x64\debug\tavillon_rhino.tlog\rc.write.1.tlog
c:\ibois57\_code\software\cpp\tavillon_point_cloud_processing\source\rhino\tavillon_rhino\tavillon_rhino\x64\debug\tavillon_rhino.tlog\tavillon_rhino.write.1u.tlog
