c:\tavillon_point_cloud_processing\tavillon_point_cloud_processing\source\rhino\tavillon2\tavillon2\x64\debug\tavillon2.pch
c:\tavillon_point_cloud_processing\tavillon_point_cloud_processing\source\rhino\tavillon2\tavillon2\x64\debug\vc142.pdb
c:\tavillon_point_cloud_processing\tavillon_point_cloud_processing\source\rhino\tavillon2\tavillon2\x64\debug\stdafx.obj
c:\tavillon_point_cloud_processing\tavillon_point_cloud_processing\source\rhino\tavillon2\tavillon2\x64\debug\tavillon2app.obj
c:\tavillon_point_cloud_processing\tavillon_point_cloud_processing\source\rhino\tavillon2\tavillon2\x64\debug\cmdtavillon2.obj
c:\tavillon_point_cloud_processing\tavillon_point_cloud_processing\source\rhino\tavillon2\tavillon2\x64\debug\tavillon2plugin.obj
c:\tavillon_point_cloud_processing\tavillon_point_cloud_processing\source\rhino\tavillon2\tavillon2\x64\debug\tavillon2.ilk
c:\tavillon_point_cloud_processing\tavillon_point_cloud_processing\source\rhino\tavillon2\x64\debug\tavillon2.rhp
c:\tavillon_point_cloud_processing\tavillon_point_cloud_processing\source\rhino\tavillon2\x64\debug\tavillon2.pdb
c:\tavillon_point_cloud_processing\tavillon_point_cloud_processing\source\rhino\tavillon2\tavillon2\x64\debug\tavillon2.res
c:\tavillon_point_cloud_processing\tavillon_point_cloud_processing\source\rhino\tavillon2\x64\debug\tavillon2.lib
c:\tavillon_point_cloud_processing\tavillon_point_cloud_processing\source\rhino\tavillon2\x64\debug\tavillon2.exp
c:\tavillon_point_cloud_processing\tavillon_point_cloud_processing\source\rhino\tavillon2\tavillon2\x64\debug\tavillon2.tlog\cl.command.1.tlog
c:\tavillon_point_cloud_processing\tavillon_point_cloud_processing\source\rhino\tavillon2\tavillon2\x64\debug\tavillon2.tlog\cl.read.1.tlog
c:\tavillon_point_cloud_processing\tavillon_point_cloud_processing\source\rhino\tavillon2\tavillon2\x64\debug\tavillon2.tlog\cl.write.1.tlog
c:\tavillon_point_cloud_processing\tavillon_point_cloud_processing\source\rhino\tavillon2\tavillon2\x64\debug\tavillon2.tlog\link.command.1.tlog
c:\tavillon_point_cloud_processing\tavillon_point_cloud_processing\source\rhino\tavillon2\tavillon2\x64\debug\tavillon2.tlog\link.read.1.tlog
c:\tavillon_point_cloud_processing\tavillon_point_cloud_processing\source\rhino\tavillon2\tavillon2\x64\debug\tavillon2.tlog\link.write.1.tlog
c:\tavillon_point_cloud_processing\tavillon_point_cloud_processing\source\rhino\tavillon2\tavillon2\x64\debug\tavillon2.tlog\rc.command.1.tlog
c:\tavillon_point_cloud_processing\tavillon_point_cloud_processing\source\rhino\tavillon2\tavillon2\x64\debug\tavillon2.tlog\rc.read.1.tlog
c:\tavillon_point_cloud_processing\tavillon_point_cloud_processing\source\rhino\tavillon2\tavillon2\x64\debug\tavillon2.tlog\rc.write.1.tlog
c:\tavillon_point_cloud_processing\tavillon_point_cloud_processing\source\rhino\tavillon2\tavillon2\x64\debug\tavillon2.tlog\tavillon2.write.1u.tlog
